<?xml version="1.0" encoding="UTF-8"?>
<!-- Generated by org.testng.reporters.JUnitReportReporter -->
<testsuite hostname="LAPTOP-2E8A84ST" failures="0" tests="3" name="testNg.BookTicket" time="0.016" errors="0" timestamp="2024-06-20T02:48:11 IST" skipped="0">
  <testcase classname="testNg.BookTicket" name="bookTicketTest" time="0.013"/>
  <testcase classname="testNg.BookTicket" name="bookTicketTest" time="0.001"/>
  <testcase classname="testNg.BookTicket" name="bookTicketTest" time="0.002"/>
</testsuite> <!-- testNg.BookTicket -->
