<?xml version="1.0" encoding="UTF-8"?>
<!-- Generated by org.testng.reporters.JUnitReportReporter -->
<testsuite hostname="LAPTOP-2E8A84ST" failures="0" tests="4" name="testNg.SampleTest" time="0.023" errors="0" timestamp="2024-06-18T19:18:44 IST" skipped="0">
  <testcase classname="testNg.SampleTest" name="modifyProduct" time="0.006"/>
  <testcase classname="testNg.SampleTest" name="createProduct" time="0.012"/>
  <testcase classname="testNg.SampleTest" name="modifyProduct" time="0.004"/>
  <testcase classname="testNg.SampleTest" name="deleteProduct" time="0.001"/>
</testsuite> <!-- testNg.SampleTest -->
