<?xml version="1.0" encoding="UTF-8"?>
<!-- Generated by org.testng.reporters.JUnitReportReporter -->
<testsuite hostname="LAPTOP-2E8A84ST" failures="0" tests="1" name="testNg.demoTest" time="0.017" errors="0" timestamp="2024-06-18T11:50:54 IST" skipped="0">
  <testcase classname="testNg.demoTest" name="m1" time="0.017"/>
</testsuite> <!-- testNg.demoTest -->
