<?xml version="1.0" encoding="UTF-8"?>
<!-- Generated by org.testng.reporters.JUnitReportReporter -->
<testsuite hostname="LAPTOP-2E8A84ST" failures="0" tests="1" name="Organization.Create_OrganizationTest" time="24.572" errors="0" timestamp="2024-07-01T18:07:00 IST" skipped="0">
  <testcase classname="Organization.Create_OrganizationTest" name="Create_OrganizationTest" time="24.572"/>
</testsuite> <!-- Organization.Create_OrganizationTest -->
