<?xml version="1.0" encoding="UTF-8"?>
<!-- Generated by org.testng.reporters.JUnitReportReporter -->
<testsuite hostname="LAPTOP-2E8A84ST" failures="0" tests="3" name="testNg.DataProviderEx2" time="0.026" errors="0" timestamp="2024-06-20T10:42:12 IST" skipped="0">
  <testcase classname="testNg.DataProviderEx2" name="bookTicketTest" time="0.015"/>
  <testcase classname="testNg.DataProviderEx2" name="bookTicketTest" time="0.005"/>
  <testcase classname="testNg.DataProviderEx2" name="bookTicketTest" time="0.006"/>
</testsuite> <!-- testNg.DataProviderEx2 -->
