<?xml version="1.0" encoding="UTF-8"?>
<!-- Generated by org.testng.reporters.JUnitReportReporter -->
<testsuite hostname="LAPTOP-2E8A84ST" failures="0" tests="1" name="DDT.Insert_Data_To_DataBase" time="11.787" errors="0" timestamp="2024-06-20T02:17:43 IST" skipped="0">
  <testcase classname="DDT.Insert_Data_To_DataBase" name="Insert_Data_To_DataBaseTest" time="11.787"/>
</testsuite> <!-- DDT.Insert_Data_To_DataBase -->
