<?xml version="1.0" encoding="UTF-8"?>
<!-- Generated by org.testng.reporters.JUnitReportReporter -->
<testsuite hostname="LAPTOP-2E8A84ST" failures="0" tests="3" name="testNg.DataProviderEx4" time="100.780" errors="0" timestamp="2024-06-21T10:22:11 IST" skipped="0">
  <testcase classname="testNg.DataProviderEx4" name="data" time="62.026"/>
  <testcase classname="testNg.DataProviderEx4" name="data" time="19.921"/>
  <testcase classname="testNg.DataProviderEx4" name="data" time="18.833"/>
</testsuite> <!-- testNg.DataProviderEx4 -->
