<?xml version="1.0" encoding="UTF-8"?>
<!-- Generated by org.testng.reporters.JUnitReportReporter -->
<testsuite hostname="LAPTOP-2E8A84ST" failures="0" tests="1" name="myTest.Test1" time="0.016" errors="0" timestamp="2024-06-18T11:51:15 IST" skipped="0">
  <testcase classname="myTest.Test1" name="m1" time="0.016"/>
</testsuite> <!-- myTest.Test1 -->
