<?xml version="1.0" encoding="UTF-8"?>
<!-- Generated by org.testng.reporters.JUnitReportReporter -->
<testsuite hostname="LAPTOP-2E8A84ST" failures="0" tests="1" name="DDT.Fetchig_Data_From_DataBase" time="11.881" errors="0" timestamp="2024-06-20T02:19:08 IST" skipped="0">
  <testcase classname="DDT.Fetchig_Data_From_DataBase" name="Fetchig_Data_From_DataBaseTest" time="11.881"/>
</testsuite> <!-- DDT.Fetchig_Data_From_DataBase -->
